# JRE version: Java(TM) SE Runtime Environment 18.9 (11.0.10+8) (build 11.0.10+8-LTS-162)
# Java VM: Java HotSpot(TM) 64-Bit Server VM 18.9 (11.0.10+8-LTS-162, mixed mode, tiered, compressed oops, g1 gc, windows-amd64)
Heap:
 garbage-first heap   total 189440K, used 111145K [0x0000000080000000, 0x0000000100000000)
  region size 1024K, 7 young (7168K), 7 survivors (7168K)
 Metaspace       used 108996K, capacity 111518K, committed 111624K, reserved 1155072K
  class space    used 13872K, capacity 14800K, committed 14848K, reserved 1048576K
GC Heap History (10 events):
Event: 51.192 GC heap before
{Heap before GC invocations=33 (full 0):
 garbage-first heap   total 189440K, used 140302K [0x0000000080000000, 0x0000000100000000)
  region size 1024K, 48 young (49152K), 2 survivors (2048K)
 Metaspace       used 96074K, capacity 98237K, committed 98312K, reserved 1134592K
  class space    used 12214K, capacity 12986K, committed 13056K, reserved 1048576K
}
Event: 51.201 GC heap after
{Heap after GC invocations=34 (full 0):
 garbage-first heap   total 189440K, used 94759K [0x0000000080000000, 0x0000000100000000)
  region size 1024K, 3 young (3072K), 3 survivors (3072K)
 Metaspace       used 96074K, capacity 98237K, committed 98312K, reserved 1134592K
  class space    used 12214K, capacity 12986K, committed 13056K, reserved 1048576K
}
Event: 57.224 GC heap before
{Heap before GC invocations=35 (full 0):
 garbage-first heap   total 189440K, used 142887K [0x0000000080000000, 0x0000000100000000)
  region size 1024K, 51 young (52224K), 3 survivors (3072K)
 Metaspace       used 99822K, capacity 102094K, committed 102280K, reserved 1138688K
  class space    used 12744K, capacity 13592K, committed 13696K, reserved 1048576K
}
Event: 57.239 GC heap after
{Heap after GC invocations=36 (full 0):
 garbage-first heap   total 189440K, used 98355K [0x0000000080000000, 0x0000000100000000)
  region size 1024K, 7 young (7168K), 7 survivors (7168K)
 Metaspace       used 99822K, capacity 102094K, committed 102280K, reserved 1138688K
  class space    used 12744K, capacity 13592K, committed 13696K, reserved 1048576K
}
Event: 57.337 GC heap before
{Heap before GC invocations=36 (full 0):
 garbage-first heap   total 189440K, used 99379K [0x0000000080000000, 0x0000000100000000)
  region size 1024K, 9 young (9216K), 7 survivors (7168K)
 Metaspace       used 99895K, capacity 102206K, committed 102536K, reserved 1138688K
  class space    used 12754K, capacity 13600K, committed 13696K, reserved 1048576K
}
Event: 57.352 GC heap after
{Heap after GC invocations=37 (full 0):
 garbage-first heap   total 189440K, used 98268K [0x0000000080000000, 0x0000000100000000)
  region size 1024K, 1 young (1024K), 1 survivors (1024K)
 Metaspace       used 99895K, capacity 102206K, committed 102536K, reserved 1138688K
  class space    used 12754K, capacity 13600K, committed 13696K, reserved 1048576K
}
Event: 91.686 GC heap before
{Heap before GC invocations=37 (full 0):
 garbage-first heap   total 189440K, used 146396K [0x0000000080000000, 0x0000000100000000)
  region size 1024K, 49 young (50176K), 1 survivors (1024K)
 Metaspace       used 102862K, capacity 105225K, committed 105480K, reserved 1140736K
  class space    used 13109K, capacity 14003K, committed 14080K, reserved 1048576K
}
Event: 91.708 GC heap after
{Heap after GC invocations=38 (full 0):
 garbage-first heap   total 189440K, used 102096K [0x0000000080000000, 0x0000000100000000)
  region size 1024K, 5 young (5120K), 5 survivors (5120K)
 Metaspace       used 102862K, capacity 105225K, committed 105480K, reserved 1140736K
  class space    used 13109K, capacity 14003K, committed 14080K, reserved 1048576K
}
Event: 95.718 GC heap before
{Heap before GC invocations=39 (full 0):
 garbage-first heap   total 189440K, used 126672K [0x0000000080000000, 0x0000000100000000)
  region size 1024K, 28 young (28672K), 5 survivors (5120K)
 Metaspace       used 108996K, capacity 111518K, committed 111624K, reserved 1153024K
  class space    used 13872K, capacity 14800K, committed 14848K, reserved 1048576K
}
Event: 95.754 GC heap after
{Heap after GC invocations=40 (full 0):
 garbage-first heap   total 189440K, used 111145K [0x0000000080000000, 0x0000000100000000)
  region size 1024K, 7 young (7168K), 7 survivors (7168K)
 Metaspace       used 108996K, capacity 111518K, committed 111624K, reserved 1153024K
  class space    used 13872K, capacity 14800K, committed 14848K, reserved 1048576K
}

